<?xml version="1.0" encoding="UTF-8"?>
<!-- Generated by org.testng.reporters.JUnitReportReporter -->
<testsuite hostname="EPRUPETW6344" name="Examples.SimpleTest" tests="1" failures="0" timestamp="22 Aug 2017 14:31:56 GMT" time="16.941" errors="0">
  <testcase name="login" time="16.941" classname="Examples.SimpleTest"/>
</testsuite> <!-- Examples.SimpleTest -->
